<!DOCTYPE html><html lang="en"><head><meta charset="utf-8" /><meta name="viewport" content="width=device-width, initial-scale=1, shrink-to-fit=no" /><link rel="stylesheet" href="https://stackpath.bootstrapcdn.com/bootstrap/4.3.1/css/bootstrap.min.css" integrity="sha384-ggOyR0iXCbMQv3Xipma34MD+dH/1fQ784/j6cY/iJTQUOhcWr7x9JvoRxT2MZw1T" crossorigin="anonymous" /><title>Cosmic Ray Report</title></head><body><div class="container"><h1><p class="text-dark">Cosmic Ray Report</p></h1></div><div class="container"><div class="mb-1" id="summary_info___accordion"><div class="card"><a data-toggle="collapse" data-target="#summary_info___collapse_1" aria-expanded="true" aria-controls="summary_info___collapse_1" href="#"><div class="card-header" id="summary_info___heading_1"><button class="btn btn-outline-dark"><h4 class="m-0">Summary info</h4></button></div></a><div aria-labelledby="summary_info___heading_1" data-parent="#summary_info___accordion" class="collapse show" id="summary_info___collapse_1"><div class="card-body"><p>Date time: 30/03/2023 06:07:29</p><p>Total jobs: 33</p><p>Complete: 33 (100.00%)</p><p>Surviving mutants: 17 (51.52%)</p></div></div></div></div><div class="mb-1" id="job_list___accordion"><div class="card"><a data-toggle="collapse" data-target="#job_list___collapse_1" aria-expanded="false" aria-controls="job_list___collapse_1" href="#"><div class="card-header" id="job_list___heading_1"><button class="btn btn-outline-dark"><h4 class="m-0">Job list</h4></button></div></a><div aria-labelledby="job_list___heading_1" data-parent="#job_list___accordion" class="collapse" id="job_list___collapse_1"><div class="card-body"><div class="text-right mb-1"><div class="mx-1" id="job_item_expand_all"><a href="#" onclick="$('div.job_list___sub_multi_collapse').collapse('show');"><button class="btn btn-outline-dark"><span>Expand All</span></button></a></div><div class="mx-1" id="job_item_collapse_all"><a href="#" onclick="$('div.job_list___sub_multi_collapse').collapse('hide');"><button class="btn btn-outline-dark"><span>Collapse All</span></button></a></div></div><div class="mb-1" id="job_list___sub_accordion_1"><div class="card"><a data-toggle="collapse" data-target="#job_list___sub_collapse_1_1" aria-expanded="false" aria-controls="job_list___sub_collapse_1_1" href="#" class="job_list___sub_multi_heading"><div role="alert" class="card-header alert-success" id="job_list___sub_heading_1_1"><button class="btn btn-outline-success"><span class="job_id">1 : Job ID 8f1322ed8e7e4d1797287cbbddc4ff05</span></button></div></a><div aria-labelledby="job_list___sub_heading_1_1" data-parent="#job_list___sub_accordion_1" class="collapse job_list___sub_multi_collapse" id="job_list___sub_collapse_1_1"><div class="card-body"><div class="work-item"><div class="alert alert-success test-outcome" role="alert"><p>worker outcome: normal</p><p>test outcome: killed</p></div></div><pre class="location"><a href="pycharm://open?file=app\operacoes_financeiras.py&amp;line=24" class="text-secondary"><button class="btn btn-outline-dark">app\operacoes_financeiras.py, start pos: (24, 22), end pos: (24, 23)</button></a></pre><pre>operator: core/ReplaceComparisonOperator_Lt_Eq, occurrence: 0</pre><div class="alert alert-secondary"><pre class="diff">--- mutation diff ---
--- aapp\operacoes_financeiras.py
+++ bapp\operacoes_financeiras.py
@@ -21,7 +21,7 @@
 
 def sacar(contas, client_id, valor):
     conta = pegar_conta(contas, client_id)
-    if conta["saldo"] &lt; valor:
+    if conta["saldo"] == valor:
         raise Exception("Saldo insuficiente")
     conta["saldo"] -= valor
     registrar_historico(conta, {</pre></div><div class="alert alert-secondary"><pre class="diff">============================= test session starts =============================
platform win32 -- Python 3.9.13, pytest-7.2.2, pluggy-1.0.0
rootdir: C:\Users\lmkaw\OneDrive\Documentos\GitHub\misc-notebooks\09_mutmut_presentation
plugins: cov-4.0.0
collected 5 items

tests\test_operacoes_financeiras.py .F.                                  [ 60%]
tests\test_utils.py ..                                                   [100%]

================================== FAILURES ===================================
____________________________ TestContas.test_sacar ____________________________

self = &lt;test_operacoes_financeiras.TestContas testMethod=test_sacar&gt;

    def test_sacar(self):
        with self.assertRaises(Exception):
&gt;           sacar(self.contas, "client_id_123", 1100)
E           AssertionError: Exception not raised

tests\test_operacoes_financeiras.py:26: AssertionError
=========================== short test summary info ===========================
FAILED tests/test_operacoes_financeiras.py::TestContas::test_sacar - Assertio...
========================= 1 failed, 4 passed in 0.12s =========================
</pre></div></div></div></div></div><div class="mb-1" id="job_list___sub_accordion_2"><div class="card"><a data-toggle="collapse" data-target="#job_list___sub_collapse_2_1" aria-expanded="false" aria-controls="job_list___sub_collapse_2_1" href="#" class="job_list___sub_multi_heading"><div role="alert" class="card-header alert-success" id="job_list___sub_heading_2_1"><button class="btn btn-outline-success"><span class="job_id">2 : Job ID dbccbeb1d93c491ca8c617175e17e4eb</span></button></div></a><div aria-labelledby="job_list___sub_heading_2_1" data-parent="#job_list___sub_accordion_2" class="collapse job_list___sub_multi_collapse" id="job_list___sub_collapse_2_1"><div class="card-body"><div class="work-item"><div class="alert alert-success test-outcome" role="alert"><p>worker outcome: normal</p><p>test outcome: killed</p></div></div><pre class="location"><a href="pycharm://open?file=app\operacoes_financeiras.py&amp;line=35" class="text-secondary"><button class="btn btn-outline-dark">app\operacoes_financeiras.py, start pos: (35, 29), end pos: (35, 30)</button></a></pre><pre>operator: core/ReplaceComparisonOperator_Lt_Eq, occurrence: 1</pre><div class="alert alert-secondary"><pre class="diff">--- mutation diff ---
--- aapp\operacoes_financeiras.py
+++ bapp\operacoes_financeiras.py
@@ -32,7 +32,7 @@
 def transferir(contas, client_id_origem, client_id_destino, valor):
     conta_origem = pegar_conta(contas, client_id_origem)
     conta_destino = pegar_conta(contas, client_id_destino)
-    if conta_origem["saldo"] &lt; valor:
+    if conta_origem["saldo"] == valor:
         raise Exception("Saldo insuficiente")
     conta_origem["saldo"] -= valor
     conta_destino["saldo"] += valor</pre></div><div class="alert alert-secondary"><pre class="diff">============================= test session starts =============================
platform win32 -- Python 3.9.13, pytest-7.2.2, pluggy-1.0.0
rootdir: C:\Users\lmkaw\OneDrive\Documentos\GitHub\misc-notebooks\09_mutmut_presentation
plugins: cov-4.0.0
collected 5 items

tests\test_operacoes_financeiras.py ..F                                  [ 60%]
tests\test_utils.py ..                                                   [100%]

================================== FAILURES ===================================
_________________________ TestContas.test_transferir __________________________

self = &lt;test_operacoes_financeiras.TestContas testMethod=test_transferir&gt;

    def test_transferir(self):
        with self.assertRaises(Exception):
&gt;           transferir(self.contas, "client_id_123", "client_id_abc", 1100)
E           AssertionError: Exception not raised

tests\test_operacoes_financeiras.py:35: AssertionError
=========================== short test summary info ===========================
FAILED tests/test_operacoes_financeiras.py::TestContas::test_transferir - Ass...
========================= 1 failed, 4 passed in 0.12s =========================
</pre></div></div></div></div></div><div class="mb-1" id="job_list___sub_accordion_3"><div class="card"><a data-toggle="collapse" data-target="#job_list___sub_collapse_3_1" aria-expanded="false" aria-controls="job_list___sub_collapse_3_1" href="#" class="job_list___sub_multi_heading"><div role="alert" class="card-header alert-success" id="job_list___sub_heading_3_1"><button class="btn btn-outline-success"><span class="job_id">3 : Job ID 84b9852870354c10970bd662d2a8131f</span></button></div></a><div aria-labelledby="job_list___sub_heading_3_1" data-parent="#job_list___sub_accordion_3" class="collapse job_list___sub_multi_collapse" id="job_list___sub_collapse_3_1"><div class="card-body"><div class="work-item"><div class="alert alert-success test-outcome" role="alert"><p>worker outcome: normal</p><p>test outcome: killed</p></div></div><pre class="location"><a href="pycharm://open?file=app\operacoes_financeiras.py&amp;line=24" class="text-secondary"><button class="btn btn-outline-dark">app\operacoes_financeiras.py, start pos: (24, 22), end pos: (24, 23)</button></a></pre><pre>operator: core/ReplaceComparisonOperator_Lt_NotEq, occurrence: 0</pre><div class="alert alert-secondary"><pre class="diff">--- mutation diff ---
--- aapp\operacoes_financeiras.py
+++ bapp\operacoes_financeiras.py
@@ -21,7 +21,7 @@
 
 def sacar(contas, client_id, valor):
     conta = pegar_conta(contas, client_id)
-    if conta["saldo"] &lt; valor:
+    if conta["saldo"] != valor:
         raise Exception("Saldo insuficiente")
     conta["saldo"] -= valor
     registrar_historico(conta, {</pre></div><div class="alert alert-secondary"><pre class="diff">============================= test session starts =============================
platform win32 -- Python 3.9.13, pytest-7.2.2, pluggy-1.0.0
rootdir: C:\Users\lmkaw\OneDrive\Documentos\GitHub\misc-notebooks\09_mutmut_presentation
plugins: cov-4.0.0
collected 5 items

tests\test_operacoes_financeiras.py .F.                                  [ 60%]
tests\test_utils.py ..                                                   [100%]

================================== FAILURES ===================================
____________________________ TestContas.test_sacar ____________________________

self = &lt;test_operacoes_financeiras.TestContas testMethod=test_sacar&gt;

    def test_sacar(self):
        with self.assertRaises(Exception):
            sacar(self.contas, "client_id_123", 1100)
&gt;       sacar(self.contas, "client_id_123", 100)

tests\test_operacoes_financeiras.py:27: 
_ _ _ _ _ _ _ _ _ _ _ _ _ _ _ _ _ _ _ _ _ _ _ _ _ _ _ _ _ _ _ _ _ _ _ _ _ _ _ _

contas = {'client_id_123': {'historico': [], 'saldo': 1000}, 'client_id_abc': {'historico': [], 'saldo': 500}}
client_id = 'client_id_123', valor = 100

    def sacar(contas, client_id, valor):
        conta = pegar_conta(contas, client_id)
        if conta["saldo"] != valor:
&gt;           raise Exception("Saldo insuficiente")
E           Exception: Saldo insuficiente

app\operacoes_financeiras.py:25: Exception
=========================== short test summary info ===========================
FAILED tests/test_operacoes_financeiras.py::TestContas::test_sacar - Exceptio...
========================= 1 failed, 4 passed in 0.12s =========================
</pre></div></div></div></div></div><div class="mb-1" id="job_list___sub_accordion_4"><div class="card"><a data-toggle="collapse" data-target="#job_list___sub_collapse_4_1" aria-expanded="false" aria-controls="job_list___sub_collapse_4_1" href="#" class="job_list___sub_multi_heading"><div role="alert" class="card-header alert-success" id="job_list___sub_heading_4_1"><button class="btn btn-outline-success"><span class="job_id">4 : Job ID fcba0ca424594a7094a942c596a9824e</span></button></div></a><div aria-labelledby="job_list___sub_heading_4_1" data-parent="#job_list___sub_accordion_4" class="collapse job_list___sub_multi_collapse" id="job_list___sub_collapse_4_1"><div class="card-body"><div class="work-item"><div class="alert alert-success test-outcome" role="alert"><p>worker outcome: normal</p><p>test outcome: killed</p></div></div><pre class="location"><a href="pycharm://open?file=app\operacoes_financeiras.py&amp;line=35" class="text-secondary"><button class="btn btn-outline-dark">app\operacoes_financeiras.py, start pos: (35, 29), end pos: (35, 30)</button></a></pre><pre>operator: core/ReplaceComparisonOperator_Lt_NotEq, occurrence: 1</pre><div class="alert alert-secondary"><pre class="diff">--- mutation diff ---
--- aapp\operacoes_financeiras.py
+++ bapp\operacoes_financeiras.py
@@ -32,7 +32,7 @@
 def transferir(contas, client_id_origem, client_id_destino, valor):
     conta_origem = pegar_conta(contas, client_id_origem)
     conta_destino = pegar_conta(contas, client_id_destino)
-    if conta_origem["saldo"] &lt; valor:
+    if conta_origem["saldo"] != valor:
         raise Exception("Saldo insuficiente")
     conta_origem["saldo"] -= valor
     conta_destino["saldo"] += valor</pre></div><div class="alert alert-secondary"><pre class="diff">============================= test session starts =============================
platform win32 -- Python 3.9.13, pytest-7.2.2, pluggy-1.0.0
rootdir: C:\Users\lmkaw\OneDrive\Documentos\GitHub\misc-notebooks\09_mutmut_presentation
plugins: cov-4.0.0
collected 5 items

tests\test_operacoes_financeiras.py ..F                                  [ 60%]
tests\test_utils.py ..                                                   [100%]

================================== FAILURES ===================================
_________________________ TestContas.test_transferir __________________________

self = &lt;test_operacoes_financeiras.TestContas testMethod=test_transferir&gt;

    def test_transferir(self):
        with self.assertRaises(Exception):
            transferir(self.contas, "client_id_123", "client_id_abc", 1100)
&gt;       transferir(self.contas, "client_id_123", "client_id_abc", 100)

tests\test_operacoes_financeiras.py:36: 
_ _ _ _ _ _ _ _ _ _ _ _ _ _ _ _ _ _ _ _ _ _ _ _ _ _ _ _ _ _ _ _ _ _ _ _ _ _ _ _

contas = {'client_id_123': {'historico': [], 'saldo': 1000}, 'client_id_abc': {'historico': [], 'saldo': 500}}
client_id_origem = 'client_id_123', client_id_destino = 'client_id_abc'
valor = 100

    def transferir(contas, client_id_origem, client_id_destino, valor):
        conta_origem = pegar_conta(contas, client_id_origem)
        conta_destino = pegar_conta(contas, client_id_destino)
        if conta_origem["saldo"] != valor:
&gt;           raise Exception("Saldo insuficiente")
E           Exception: Saldo insuficiente

app\operacoes_financeiras.py:36: Exception
=========================== short test summary info ===========================
FAILED tests/test_operacoes_financeiras.py::TestContas::test_transferir - Exc...
========================= 1 failed, 4 passed in 0.12s =========================
</pre></div></div></div></div></div><div class="mb-1" id="job_list___sub_accordion_5"><div class="card"><a data-toggle="collapse" data-target="#job_list___sub_collapse_5_1" aria-expanded="false" aria-controls="job_list___sub_collapse_5_1" href="#" class="job_list___sub_multi_heading"><div role="alert" class="card-header alert-danger" id="job_list___sub_heading_5_1"><button class="btn btn-outline-danger"><span class="job_id">5 : Job ID 616c7c21b83c48ba98c4ae04f14ae03a</span></button></div></a><div aria-labelledby="job_list___sub_heading_5_1" data-parent="#job_list___sub_accordion_5" class="collapse job_list___sub_multi_collapse" id="job_list___sub_collapse_5_1"><div class="card-body"><div class="work-item"><div class="alert alert-danger test-outcome" role="alert"><p>SURVIVED</p><p>worker outcome: normal</p><p>test outcome: survived</p></div></div><pre class="location"><a href="pycharm://open?file=app\operacoes_financeiras.py&amp;line=24" class="text-secondary"><button class="btn btn-outline-dark">app\operacoes_financeiras.py, start pos: (24, 22), end pos: (24, 23)</button></a></pre><pre>operator: core/ReplaceComparisonOperator_Lt_LtE, occurrence: 0</pre><div class="alert alert-secondary"><pre class="diff">--- mutation diff ---
--- aapp\operacoes_financeiras.py
+++ bapp\operacoes_financeiras.py
@@ -21,7 +21,7 @@
 
 def sacar(contas, client_id, valor):
     conta = pegar_conta(contas, client_id)
-    if conta["saldo"] &lt; valor:
+    if conta["saldo"] &lt;= valor:
         raise Exception("Saldo insuficiente")
     conta["saldo"] -= valor
     registrar_historico(conta, {</pre></div><div class="alert alert-secondary"><pre class="diff">============================= test session starts =============================
platform win32 -- Python 3.9.13, pytest-7.2.2, pluggy-1.0.0
rootdir: C:\Users\lmkaw\OneDrive\Documentos\GitHub\misc-notebooks\09_mutmut_presentation
plugins: cov-4.0.0
collected 5 items

tests\test_operacoes_financeiras.py ...                                  [ 60%]
tests\test_utils.py ..                                                   [100%]

============================== 5 passed in 0.04s ==============================
</pre></div></div></div></div></div><div class="mb-1" id="job_list___sub_accordion_6"><div class="card"><a data-toggle="collapse" data-target="#job_list___sub_collapse_6_1" aria-expanded="false" aria-controls="job_list___sub_collapse_6_1" href="#" class="job_list___sub_multi_heading"><div role="alert" class="card-header alert-danger" id="job_list___sub_heading_6_1"><button class="btn btn-outline-danger"><span class="job_id">6 : Job ID a5167cff97a24091b06a8d567e7483e1</span></button></div></a><div aria-labelledby="job_list___sub_heading_6_1" data-parent="#job_list___sub_accordion_6" class="collapse job_list___sub_multi_collapse" id="job_list___sub_collapse_6_1"><div class="card-body"><div class="work-item"><div class="alert alert-danger test-outcome" role="alert"><p>SURVIVED</p><p>worker outcome: normal</p><p>test outcome: survived</p></div></div><pre class="location"><a href="pycharm://open?file=app\operacoes_financeiras.py&amp;line=35" class="text-secondary"><button class="btn btn-outline-dark">app\operacoes_financeiras.py, start pos: (35, 29), end pos: (35, 30)</button></a></pre><pre>operator: core/ReplaceComparisonOperator_Lt_LtE, occurrence: 1</pre><div class="alert alert-secondary"><pre class="diff">--- mutation diff ---
--- aapp\operacoes_financeiras.py
+++ bapp\operacoes_financeiras.py
@@ -32,7 +32,7 @@
 def transferir(contas, client_id_origem, client_id_destino, valor):
     conta_origem = pegar_conta(contas, client_id_origem)
     conta_destino = pegar_conta(contas, client_id_destino)
-    if conta_origem["saldo"] &lt; valor:
+    if conta_origem["saldo"] &lt;= valor:
         raise Exception("Saldo insuficiente")
     conta_origem["saldo"] -= valor
     conta_destino["saldo"] += valor</pre></div><div class="alert alert-secondary"><pre class="diff">============================= test session starts =============================
platform win32 -- Python 3.9.13, pytest-7.2.2, pluggy-1.0.0
rootdir: C:\Users\lmkaw\OneDrive\Documentos\GitHub\misc-notebooks\09_mutmut_presentation
plugins: cov-4.0.0
collected 5 items

tests\test_operacoes_financeiras.py ...                                  [ 60%]
tests\test_utils.py ..                                                   [100%]

============================== 5 passed in 0.05s ==============================
</pre></div></div></div></div></div><div class="mb-1" id="job_list___sub_accordion_7"><div class="card"><a data-toggle="collapse" data-target="#job_list___sub_collapse_7_1" aria-expanded="false" aria-controls="job_list___sub_collapse_7_1" href="#" class="job_list___sub_multi_heading"><div role="alert" class="card-header alert-success" id="job_list___sub_heading_7_1"><button class="btn btn-outline-success"><span class="job_id">7 : Job ID 4d42fc5347ba438a8c7564365174ead6</span></button></div></a><div aria-labelledby="job_list___sub_heading_7_1" data-parent="#job_list___sub_accordion_7" class="collapse job_list___sub_multi_collapse" id="job_list___sub_collapse_7_1"><div class="card-body"><div class="work-item"><div class="alert alert-success test-outcome" role="alert"><p>worker outcome: normal</p><p>test outcome: killed</p></div></div><pre class="location"><a href="pycharm://open?file=app\operacoes_financeiras.py&amp;line=24" class="text-secondary"><button class="btn btn-outline-dark">app\operacoes_financeiras.py, start pos: (24, 22), end pos: (24, 23)</button></a></pre><pre>operator: core/ReplaceComparisonOperator_Lt_Gt, occurrence: 0</pre><div class="alert alert-secondary"><pre class="diff">--- mutation diff ---
--- aapp\operacoes_financeiras.py
+++ bapp\operacoes_financeiras.py
@@ -21,7 +21,7 @@
 
 def sacar(contas, client_id, valor):
     conta = pegar_conta(contas, client_id)
-    if conta["saldo"] &lt; valor:
+    if conta["saldo"] &gt; valor:
         raise Exception("Saldo insuficiente")
     conta["saldo"] -= valor
     registrar_historico(conta, {</pre></div><div class="alert alert-secondary"><pre class="diff">============================= test session starts =============================
platform win32 -- Python 3.9.13, pytest-7.2.2, pluggy-1.0.0
rootdir: C:\Users\lmkaw\OneDrive\Documentos\GitHub\misc-notebooks\09_mutmut_presentation
plugins: cov-4.0.0
collected 5 items

tests\test_operacoes_financeiras.py .F.                                  [ 60%]
tests\test_utils.py ..                                                   [100%]

================================== FAILURES ===================================
____________________________ TestContas.test_sacar ____________________________

self = &lt;test_operacoes_financeiras.TestContas testMethod=test_sacar&gt;

    def test_sacar(self):
        with self.assertRaises(Exception):
&gt;           sacar(self.contas, "client_id_123", 1100)
E           AssertionError: Exception not raised

tests\test_operacoes_financeiras.py:26: AssertionError
=========================== short test summary info ===========================
FAILED tests/test_operacoes_financeiras.py::TestContas::test_sacar - Assertio...
========================= 1 failed, 4 passed in 0.12s =========================
</pre></div></div></div></div></div><div class="mb-1" id="job_list___sub_accordion_8"><div class="card"><a data-toggle="collapse" data-target="#job_list___sub_collapse_8_1" aria-expanded="false" aria-controls="job_list___sub_collapse_8_1" href="#" class="job_list___sub_multi_heading"><div role="alert" class="card-header alert-success" id="job_list___sub_heading_8_1"><button class="btn btn-outline-success"><span class="job_id">8 : Job ID 513a61a328fb4f12827c770cd92a32b9</span></button></div></a><div aria-labelledby="job_list___sub_heading_8_1" data-parent="#job_list___sub_accordion_8" class="collapse job_list___sub_multi_collapse" id="job_list___sub_collapse_8_1"><div class="card-body"><div class="work-item"><div class="alert alert-success test-outcome" role="alert"><p>worker outcome: normal</p><p>test outcome: killed</p></div></div><pre class="location"><a href="pycharm://open?file=app\operacoes_financeiras.py&amp;line=35" class="text-secondary"><button class="btn btn-outline-dark">app\operacoes_financeiras.py, start pos: (35, 29), end pos: (35, 30)</button></a></pre><pre>operator: core/ReplaceComparisonOperator_Lt_Gt, occurrence: 1</pre><div class="alert alert-secondary"><pre class="diff">--- mutation diff ---
--- aapp\operacoes_financeiras.py
+++ bapp\operacoes_financeiras.py
@@ -32,7 +32,7 @@
 def transferir(contas, client_id_origem, client_id_destino, valor):
     conta_origem = pegar_conta(contas, client_id_origem)
     conta_destino = pegar_conta(contas, client_id_destino)
-    if conta_origem["saldo"] &lt; valor:
+    if conta_origem["saldo"] &gt; valor:
         raise Exception("Saldo insuficiente")
     conta_origem["saldo"] -= valor
     conta_destino["saldo"] += valor</pre></div><div class="alert alert-secondary"><pre class="diff">============================= test session starts =============================
platform win32 -- Python 3.9.13, pytest-7.2.2, pluggy-1.0.0
rootdir: C:\Users\lmkaw\OneDrive\Documentos\GitHub\misc-notebooks\09_mutmut_presentation
plugins: cov-4.0.0
collected 5 items

tests\test_operacoes_financeiras.py ..F                                  [ 60%]
tests\test_utils.py ..                                                   [100%]

================================== FAILURES ===================================
_________________________ TestContas.test_transferir __________________________

self = &lt;test_operacoes_financeiras.TestContas testMethod=test_transferir&gt;

    def test_transferir(self):
        with self.assertRaises(Exception):
&gt;           transferir(self.contas, "client_id_123", "client_id_abc", 1100)
E           AssertionError: Exception not raised

tests\test_operacoes_financeiras.py:35: AssertionError
=========================== short test summary info ===========================
FAILED tests/test_operacoes_financeiras.py::TestContas::test_transferir - Ass...
========================= 1 failed, 4 passed in 0.12s =========================
</pre></div></div></div></div></div><div class="mb-1" id="job_list___sub_accordion_9"><div class="card"><a data-toggle="collapse" data-target="#job_list___sub_collapse_9_1" aria-expanded="false" aria-controls="job_list___sub_collapse_9_1" href="#" class="job_list___sub_multi_heading"><div role="alert" class="card-header alert-success" id="job_list___sub_heading_9_1"><button class="btn btn-outline-success"><span class="job_id">9 : Job ID 83c9013e41544fa6ae25302a2224cc70</span></button></div></a><div aria-labelledby="job_list___sub_heading_9_1" data-parent="#job_list___sub_accordion_9" class="collapse job_list___sub_multi_collapse" id="job_list___sub_collapse_9_1"><div class="card-body"><div class="work-item"><div class="alert alert-success test-outcome" role="alert"><p>worker outcome: normal</p><p>test outcome: killed</p></div></div><pre class="location"><a href="pycharm://open?file=app\operacoes_financeiras.py&amp;line=24" class="text-secondary"><button class="btn btn-outline-dark">app\operacoes_financeiras.py, start pos: (24, 22), end pos: (24, 23)</button></a></pre><pre>operator: core/ReplaceComparisonOperator_Lt_GtE, occurrence: 0</pre><div class="alert alert-secondary"><pre class="diff">--- mutation diff ---
--- aapp\operacoes_financeiras.py
+++ bapp\operacoes_financeiras.py
@@ -21,7 +21,7 @@
 
 def sacar(contas, client_id, valor):
     conta = pegar_conta(contas, client_id)
-    if conta["saldo"] &lt; valor:
+    if conta["saldo"] &gt;= valor:
         raise Exception("Saldo insuficiente")
     conta["saldo"] -= valor
     registrar_historico(conta, {</pre></div><div class="alert alert-secondary"><pre class="diff">============================= test session starts =============================
platform win32 -- Python 3.9.13, pytest-7.2.2, pluggy-1.0.0
rootdir: C:\Users\lmkaw\OneDrive\Documentos\GitHub\misc-notebooks\09_mutmut_presentation
plugins: cov-4.0.0
collected 5 items

tests\test_operacoes_financeiras.py .F.                                  [ 60%]
tests\test_utils.py ..                                                   [100%]

================================== FAILURES ===================================
____________________________ TestContas.test_sacar ____________________________

self = &lt;test_operacoes_financeiras.TestContas testMethod=test_sacar&gt;

    def test_sacar(self):
        with self.assertRaises(Exception):
&gt;           sacar(self.contas, "client_id_123", 1100)
E           AssertionError: Exception not raised

tests\test_operacoes_financeiras.py:26: AssertionError
=========================== short test summary info ===========================
FAILED tests/test_operacoes_financeiras.py::TestContas::test_sacar - Assertio...
========================= 1 failed, 4 passed in 0.12s =========================
</pre></div></div></div></div></div><div class="mb-1" id="job_list___sub_accordion_10"><div class="card"><a data-toggle="collapse" data-target="#job_list___sub_collapse_10_1" aria-expanded="false" aria-controls="job_list___sub_collapse_10_1" href="#" class="job_list___sub_multi_heading"><div role="alert" class="card-header alert-success" id="job_list___sub_heading_10_1"><button class="btn btn-outline-success"><span class="job_id">10 : Job ID cb90cf9c21ea4115a8e7c43f66e908a6</span></button></div></a><div aria-labelledby="job_list___sub_heading_10_1" data-parent="#job_list___sub_accordion_10" class="collapse job_list___sub_multi_collapse" id="job_list___sub_collapse_10_1"><div class="card-body"><div class="work-item"><div class="alert alert-success test-outcome" role="alert"><p>worker outcome: normal</p><p>test outcome: killed</p></div></div><pre class="location"><a href="pycharm://open?file=app\operacoes_financeiras.py&amp;line=35" class="text-secondary"><button class="btn btn-outline-dark">app\operacoes_financeiras.py, start pos: (35, 29), end pos: (35, 30)</button></a></pre><pre>operator: core/ReplaceComparisonOperator_Lt_GtE, occurrence: 1</pre><div class="alert alert-secondary"><pre class="diff">--- mutation diff ---
--- aapp\operacoes_financeiras.py
+++ bapp\operacoes_financeiras.py
@@ -32,7 +32,7 @@
 def transferir(contas, client_id_origem, client_id_destino, valor):
     conta_origem = pegar_conta(contas, client_id_origem)
     conta_destino = pegar_conta(contas, client_id_destino)
-    if conta_origem["saldo"] &lt; valor:
+    if conta_origem["saldo"] &gt;= valor:
         raise Exception("Saldo insuficiente")
     conta_origem["saldo"] -= valor
     conta_destino["saldo"] += valor</pre></div><div class="alert alert-secondary"><pre class="diff">============================= test session starts =============================
platform win32 -- Python 3.9.13, pytest-7.2.2, pluggy-1.0.0
rootdir: C:\Users\lmkaw\OneDrive\Documentos\GitHub\misc-notebooks\09_mutmut_presentation
plugins: cov-4.0.0
collected 5 items

tests\test_operacoes_financeiras.py ..F                                  [ 60%]
tests\test_utils.py ..                                                   [100%]

================================== FAILURES ===================================
_________________________ TestContas.test_transferir __________________________

self = &lt;test_operacoes_financeiras.TestContas testMethod=test_transferir&gt;

    def test_transferir(self):
        with self.assertRaises(Exception):
&gt;           transferir(self.contas, "client_id_123", "client_id_abc", 1100)
E           AssertionError: Exception not raised

tests\test_operacoes_financeiras.py:35: AssertionError
=========================== short test summary info ===========================
FAILED tests/test_operacoes_financeiras.py::TestContas::test_transferir - Ass...
========================= 1 failed, 4 passed in 0.12s =========================
</pre></div></div></div></div></div><div class="mb-1" id="job_list___sub_accordion_11"><div class="card"><a data-toggle="collapse" data-target="#job_list___sub_collapse_11_1" aria-expanded="false" aria-controls="job_list___sub_collapse_11_1" href="#" class="job_list___sub_multi_heading"><div role="alert" class="card-header alert-success" id="job_list___sub_heading_11_1"><button class="btn btn-outline-success"><span class="job_id">11 : Job ID 653aa45dd6294c71809c95752918c742</span></button></div></a><div aria-labelledby="job_list___sub_heading_11_1" data-parent="#job_list___sub_accordion_11" class="collapse job_list___sub_multi_collapse" id="job_list___sub_collapse_11_1"><div class="card-body"><div class="work-item"><div class="alert alert-success test-outcome" role="alert"><p>worker outcome: normal</p><p>test outcome: killed</p></div></div><pre class="location"><a href="pycharm://open?file=app\operacoes_financeiras.py&amp;line=24" class="text-secondary"><button class="btn btn-outline-dark">app\operacoes_financeiras.py, start pos: (24, 22), end pos: (24, 23)</button></a></pre><pre>operator: core/ReplaceComparisonOperator_Lt_Is, occurrence: 0</pre><div class="alert alert-secondary"><pre class="diff">--- mutation diff ---
--- aapp\operacoes_financeiras.py
+++ bapp\operacoes_financeiras.py
@@ -21,7 +21,7 @@
 
 def sacar(contas, client_id, valor):
     conta = pegar_conta(contas, client_id)
-    if conta["saldo"] &lt; valor:
+    if conta["saldo"] is valor:
         raise Exception("Saldo insuficiente")
     conta["saldo"] -= valor
     registrar_historico(conta, {</pre></div><div class="alert alert-secondary"><pre class="diff">============================= test session starts =============================
platform win32 -- Python 3.9.13, pytest-7.2.2, pluggy-1.0.0
rootdir: C:\Users\lmkaw\OneDrive\Documentos\GitHub\misc-notebooks\09_mutmut_presentation
plugins: cov-4.0.0
collected 5 items

tests\test_operacoes_financeiras.py .F.                                  [ 60%]
tests\test_utils.py ..                                                   [100%]

================================== FAILURES ===================================
____________________________ TestContas.test_sacar ____________________________

self = &lt;test_operacoes_financeiras.TestContas testMethod=test_sacar&gt;

    def test_sacar(self):
        with self.assertRaises(Exception):
&gt;           sacar(self.contas, "client_id_123", 1100)
E           AssertionError: Exception not raised

tests\test_operacoes_financeiras.py:26: AssertionError
=========================== short test summary info ===========================
FAILED tests/test_operacoes_financeiras.py::TestContas::test_sacar - Assertio...
========================= 1 failed, 4 passed in 0.12s =========================
</pre></div></div></div></div></div><div class="mb-1" id="job_list___sub_accordion_12"><div class="card"><a data-toggle="collapse" data-target="#job_list___sub_collapse_12_1" aria-expanded="false" aria-controls="job_list___sub_collapse_12_1" href="#" class="job_list___sub_multi_heading"><div role="alert" class="card-header alert-success" id="job_list___sub_heading_12_1"><button class="btn btn-outline-success"><span class="job_id">12 : Job ID f6e19d978a334ba6b781bad31abb3ea7</span></button></div></a><div aria-labelledby="job_list___sub_heading_12_1" data-parent="#job_list___sub_accordion_12" class="collapse job_list___sub_multi_collapse" id="job_list___sub_collapse_12_1"><div class="card-body"><div class="work-item"><div class="alert alert-success test-outcome" role="alert"><p>worker outcome: normal</p><p>test outcome: killed</p></div></div><pre class="location"><a href="pycharm://open?file=app\operacoes_financeiras.py&amp;line=35" class="text-secondary"><button class="btn btn-outline-dark">app\operacoes_financeiras.py, start pos: (35, 29), end pos: (35, 30)</button></a></pre><pre>operator: core/ReplaceComparisonOperator_Lt_Is, occurrence: 1</pre><div class="alert alert-secondary"><pre class="diff">--- mutation diff ---
--- aapp\operacoes_financeiras.py
+++ bapp\operacoes_financeiras.py
@@ -32,7 +32,7 @@
 def transferir(contas, client_id_origem, client_id_destino, valor):
     conta_origem = pegar_conta(contas, client_id_origem)
     conta_destino = pegar_conta(contas, client_id_destino)
-    if conta_origem["saldo"] &lt; valor:
+    if conta_origem["saldo"] is valor:
         raise Exception("Saldo insuficiente")
     conta_origem["saldo"] -= valor
     conta_destino["saldo"] += valor</pre></div><div class="alert alert-secondary"><pre class="diff">============================= test session starts =============================
platform win32 -- Python 3.9.13, pytest-7.2.2, pluggy-1.0.0
rootdir: C:\Users\lmkaw\OneDrive\Documentos\GitHub\misc-notebooks\09_mutmut_presentation
plugins: cov-4.0.0
collected 5 items

tests\test_operacoes_financeiras.py ..F                                  [ 60%]
tests\test_utils.py ..                                                   [100%]

================================== FAILURES ===================================
_________________________ TestContas.test_transferir __________________________

self = &lt;test_operacoes_financeiras.TestContas testMethod=test_transferir&gt;

    def test_transferir(self):
        with self.assertRaises(Exception):
&gt;           transferir(self.contas, "client_id_123", "client_id_abc", 1100)
E           AssertionError: Exception not raised

tests\test_operacoes_financeiras.py:35: AssertionError
=========================== short test summary info ===========================
FAILED tests/test_operacoes_financeiras.py::TestContas::test_transferir - Ass...
========================= 1 failed, 4 passed in 0.11s =========================
</pre></div></div></div></div></div><div class="mb-1" id="job_list___sub_accordion_13"><div class="card"><a data-toggle="collapse" data-target="#job_list___sub_collapse_13_1" aria-expanded="false" aria-controls="job_list___sub_collapse_13_1" href="#" class="job_list___sub_multi_heading"><div role="alert" class="card-header alert-success" id="job_list___sub_heading_13_1"><button class="btn btn-outline-success"><span class="job_id">13 : Job ID 436f4974c54e44ba9e54d68ea72f7be1</span></button></div></a><div aria-labelledby="job_list___sub_heading_13_1" data-parent="#job_list___sub_accordion_13" class="collapse job_list___sub_multi_collapse" id="job_list___sub_collapse_13_1"><div class="card-body"><div class="work-item"><div class="alert alert-success test-outcome" role="alert"><p>worker outcome: normal</p><p>test outcome: killed</p></div></div><pre class="location"><a href="pycharm://open?file=app\operacoes_financeiras.py&amp;line=24" class="text-secondary"><button class="btn btn-outline-dark">app\operacoes_financeiras.py, start pos: (24, 22), end pos: (24, 23)</button></a></pre><pre>operator: core/ReplaceComparisonOperator_Lt_IsNot, occurrence: 0</pre><div class="alert alert-secondary"><pre class="diff">--- mutation diff ---
--- aapp\operacoes_financeiras.py
+++ bapp\operacoes_financeiras.py
@@ -21,7 +21,7 @@
 
 def sacar(contas, client_id, valor):
     conta = pegar_conta(contas, client_id)
-    if conta["saldo"] &lt; valor:
+    if conta["saldo"] is not valor:
         raise Exception("Saldo insuficiente")
     conta["saldo"] -= valor
     registrar_historico(conta, {</pre></div><div class="alert alert-secondary"><pre class="diff">============================= test session starts =============================
platform win32 -- Python 3.9.13, pytest-7.2.2, pluggy-1.0.0
rootdir: C:\Users\lmkaw\OneDrive\Documentos\GitHub\misc-notebooks\09_mutmut_presentation
plugins: cov-4.0.0
collected 5 items

tests\test_operacoes_financeiras.py .F.                                  [ 60%]
tests\test_utils.py ..                                                   [100%]

================================== FAILURES ===================================
____________________________ TestContas.test_sacar ____________________________

self = &lt;test_operacoes_financeiras.TestContas testMethod=test_sacar&gt;

    def test_sacar(self):
        with self.assertRaises(Exception):
            sacar(self.contas, "client_id_123", 1100)
&gt;       sacar(self.contas, "client_id_123", 100)

tests\test_operacoes_financeiras.py:27: 
_ _ _ _ _ _ _ _ _ _ _ _ _ _ _ _ _ _ _ _ _ _ _ _ _ _ _ _ _ _ _ _ _ _ _ _ _ _ _ _

contas = {'client_id_123': {'historico': [], 'saldo': 1000}, 'client_id_abc': {'historico': [], 'saldo': 500}}
client_id = 'client_id_123', valor = 100

    def sacar(contas, client_id, valor):
        conta = pegar_conta(contas, client_id)
        if conta["saldo"] is not valor:
&gt;           raise Exception("Saldo insuficiente")
E           Exception: Saldo insuficiente

app\operacoes_financeiras.py:25: Exception
=========================== short test summary info ===========================
FAILED tests/test_operacoes_financeiras.py::TestContas::test_sacar - Exceptio...
========================= 1 failed, 4 passed in 0.12s =========================
</pre></div></div></div></div></div><div class="mb-1" id="job_list___sub_accordion_14"><div class="card"><a data-toggle="collapse" data-target="#job_list___sub_collapse_14_1" aria-expanded="false" aria-controls="job_list___sub_collapse_14_1" href="#" class="job_list___sub_multi_heading"><div role="alert" class="card-header alert-success" id="job_list___sub_heading_14_1"><button class="btn btn-outline-success"><span class="job_id">14 : Job ID 9326e4ad462a4d15b7cbe2505ac81a21</span></button></div></a><div aria-labelledby="job_list___sub_heading_14_1" data-parent="#job_list___sub_accordion_14" class="collapse job_list___sub_multi_collapse" id="job_list___sub_collapse_14_1"><div class="card-body"><div class="work-item"><div class="alert alert-success test-outcome" role="alert"><p>worker outcome: normal</p><p>test outcome: killed</p></div></div><pre class="location"><a href="pycharm://open?file=app\operacoes_financeiras.py&amp;line=35" class="text-secondary"><button class="btn btn-outline-dark">app\operacoes_financeiras.py, start pos: (35, 29), end pos: (35, 30)</button></a></pre><pre>operator: core/ReplaceComparisonOperator_Lt_IsNot, occurrence: 1</pre><div class="alert alert-secondary"><pre class="diff">--- mutation diff ---
--- aapp\operacoes_financeiras.py
+++ bapp\operacoes_financeiras.py
@@ -32,7 +32,7 @@
 def transferir(contas, client_id_origem, client_id_destino, valor):
     conta_origem = pegar_conta(contas, client_id_origem)
     conta_destino = pegar_conta(contas, client_id_destino)
-    if conta_origem["saldo"] &lt; valor:
+    if conta_origem["saldo"] is not valor:
         raise Exception("Saldo insuficiente")
     conta_origem["saldo"] -= valor
     conta_destino["saldo"] += valor</pre></div><div class="alert alert-secondary"><pre class="diff">============================= test session starts =============================
platform win32 -- Python 3.9.13, pytest-7.2.2, pluggy-1.0.0
rootdir: C:\Users\lmkaw\OneDrive\Documentos\GitHub\misc-notebooks\09_mutmut_presentation
plugins: cov-4.0.0
collected 5 items

tests\test_operacoes_financeiras.py ..F                                  [ 60%]
tests\test_utils.py ..                                                   [100%]

================================== FAILURES ===================================
_________________________ TestContas.test_transferir __________________________

self = &lt;test_operacoes_financeiras.TestContas testMethod=test_transferir&gt;

    def test_transferir(self):
        with self.assertRaises(Exception):
            transferir(self.contas, "client_id_123", "client_id_abc", 1100)
&gt;       transferir(self.contas, "client_id_123", "client_id_abc", 100)

tests\test_operacoes_financeiras.py:36: 
_ _ _ _ _ _ _ _ _ _ _ _ _ _ _ _ _ _ _ _ _ _ _ _ _ _ _ _ _ _ _ _ _ _ _ _ _ _ _ _

contas = {'client_id_123': {'historico': [], 'saldo': 1000}, 'client_id_abc': {'historico': [], 'saldo': 500}}
client_id_origem = 'client_id_123', client_id_destino = 'client_id_abc'
valor = 100

    def transferir(contas, client_id_origem, client_id_destino, valor):
        conta_origem = pegar_conta(contas, client_id_origem)
        conta_destino = pegar_conta(contas, client_id_destino)
        if conta_origem["saldo"] is not valor:
&gt;           raise Exception("Saldo insuficiente")
E           Exception: Saldo insuficiente

app\operacoes_financeiras.py:36: Exception
=========================== short test summary info ===========================
FAILED tests/test_operacoes_financeiras.py::TestContas::test_transferir - Exc...
========================= 1 failed, 4 passed in 0.12s =========================
</pre></div></div></div></div></div><div class="mb-1" id="job_list___sub_accordion_15"><div class="card"><a data-toggle="collapse" data-target="#job_list___sub_collapse_15_1" aria-expanded="false" aria-controls="job_list___sub_collapse_15_1" href="#" class="job_list___sub_multi_heading"><div role="alert" class="card-header alert-success" id="job_list___sub_heading_15_1"><button class="btn btn-outline-success"><span class="job_id">15 : Job ID c74336113d85422baa575c0f1436aa39</span></button></div></a><div aria-labelledby="job_list___sub_heading_15_1" data-parent="#job_list___sub_accordion_15" class="collapse job_list___sub_multi_collapse" id="job_list___sub_collapse_15_1"><div class="card-body"><div class="work-item"><div class="alert alert-success test-outcome" role="alert"><p>worker outcome: normal</p><p>test outcome: killed</p></div></div><pre class="location"><a href="pycharm://open?file=app\operacoes_financeiras.py&amp;line=24" class="text-secondary"><button class="btn btn-outline-dark">app\operacoes_financeiras.py, start pos: (24, 7), end pos: (24, 29)</button></a></pre><pre>operator: core/AddNot, occurrence: 0</pre><div class="alert alert-secondary"><pre class="diff">--- mutation diff ---
--- aapp\operacoes_financeiras.py
+++ bapp\operacoes_financeiras.py
@@ -21,7 +21,7 @@
 
 def sacar(contas, client_id, valor):
     conta = pegar_conta(contas, client_id)
-    if conta["saldo"] &lt; valor:
+    if not conta["saldo"] &lt; valor:
         raise Exception("Saldo insuficiente")
     conta["saldo"] -= valor
     registrar_historico(conta, {</pre></div><div class="alert alert-secondary"><pre class="diff">============================= test session starts =============================
platform win32 -- Python 3.9.13, pytest-7.2.2, pluggy-1.0.0
rootdir: C:\Users\lmkaw\OneDrive\Documentos\GitHub\misc-notebooks\09_mutmut_presentation
plugins: cov-4.0.0
collected 5 items

tests\test_operacoes_financeiras.py .F.                                  [ 60%]
tests\test_utils.py ..                                                   [100%]

================================== FAILURES ===================================
____________________________ TestContas.test_sacar ____________________________

self = &lt;test_operacoes_financeiras.TestContas testMethod=test_sacar&gt;

    def test_sacar(self):
        with self.assertRaises(Exception):
&gt;           sacar(self.contas, "client_id_123", 1100)
E           AssertionError: Exception not raised

tests\test_operacoes_financeiras.py:26: AssertionError
=========================== short test summary info ===========================
FAILED tests/test_operacoes_financeiras.py::TestContas::test_sacar - Assertio...
========================= 1 failed, 4 passed in 0.12s =========================
</pre></div></div></div></div></div><div class="mb-1" id="job_list___sub_accordion_16"><div class="card"><a data-toggle="collapse" data-target="#job_list___sub_collapse_16_1" aria-expanded="false" aria-controls="job_list___sub_collapse_16_1" href="#" class="job_list___sub_multi_heading"><div role="alert" class="card-header alert-success" id="job_list___sub_heading_16_1"><button class="btn btn-outline-success"><span class="job_id">16 : Job ID 7e6cf8dbf4c54204b6f11c649ab38dfa</span></button></div></a><div aria-labelledby="job_list___sub_heading_16_1" data-parent="#job_list___sub_accordion_16" class="collapse job_list___sub_multi_collapse" id="job_list___sub_collapse_16_1"><div class="card-body"><div class="work-item"><div class="alert alert-success test-outcome" role="alert"><p>worker outcome: normal</p><p>test outcome: killed</p></div></div><pre class="location"><a href="pycharm://open?file=app\operacoes_financeiras.py&amp;line=35" class="text-secondary"><button class="btn btn-outline-dark">app\operacoes_financeiras.py, start pos: (35, 7), end pos: (35, 36)</button></a></pre><pre>operator: core/AddNot, occurrence: 1</pre><div class="alert alert-secondary"><pre class="diff">--- mutation diff ---
--- aapp\operacoes_financeiras.py
+++ bapp\operacoes_financeiras.py
@@ -32,7 +32,7 @@
 def transferir(contas, client_id_origem, client_id_destino, valor):
     conta_origem = pegar_conta(contas, client_id_origem)
     conta_destino = pegar_conta(contas, client_id_destino)
-    if conta_origem["saldo"] &lt; valor:
+    if not conta_origem["saldo"] &lt; valor:
         raise Exception("Saldo insuficiente")
     conta_origem["saldo"] -= valor
     conta_destino["saldo"] += valor</pre></div><div class="alert alert-secondary"><pre class="diff">============================= test session starts =============================
platform win32 -- Python 3.9.13, pytest-7.2.2, pluggy-1.0.0
rootdir: C:\Users\lmkaw\OneDrive\Documentos\GitHub\misc-notebooks\09_mutmut_presentation
plugins: cov-4.0.0
collected 5 items

tests\test_operacoes_financeiras.py ..F                                  [ 60%]
tests\test_utils.py ..                                                   [100%]

================================== FAILURES ===================================
_________________________ TestContas.test_transferir __________________________

self = &lt;test_operacoes_financeiras.TestContas testMethod=test_transferir&gt;

    def test_transferir(self):
        with self.assertRaises(Exception):
&gt;           transferir(self.contas, "client_id_123", "client_id_abc", 1100)
E           AssertionError: Exception not raised

tests\test_operacoes_financeiras.py:35: AssertionError
=========================== short test summary info ===========================
FAILED tests/test_operacoes_financeiras.py::TestContas::test_transferir - Ass...
========================= 1 failed, 4 passed in 0.11s =========================
</pre></div></div></div></div></div><div class="mb-1" id="job_list___sub_accordion_17"><div class="card"><a data-toggle="collapse" data-target="#job_list___sub_collapse_17_1" aria-expanded="false" aria-controls="job_list___sub_collapse_17_1" href="#" class="job_list___sub_multi_heading"><div role="alert" class="card-header alert-success" id="job_list___sub_heading_17_1"><button class="btn btn-outline-success"><span class="job_id">17 : Job ID 9dcfd51796e94bceb41b672d6bfd5ca6</span></button></div></a><div aria-labelledby="job_list___sub_heading_17_1" data-parent="#job_list___sub_accordion_17" class="collapse job_list___sub_multi_collapse" id="job_list___sub_collapse_17_1"><div class="card-body"><div class="work-item"><div class="alert alert-success test-outcome" role="alert"><p>worker outcome: normal</p><p>test outcome: killed</p></div></div><pre class="location"><a href="pycharm://open?file=app\utils.py&amp;line=14" class="text-secondary"><button class="btn btn-outline-dark">app\utils.py, start pos: (14, 13), end pos: (14, 15)</button></a></pre><pre>operator: core/ReplaceComparisonOperator_Is_IsNot, occurrence: 0</pre><div class="alert alert-secondary"><pre class="diff">--- mutation diff ---
--- aapp\utils.py
+++ bapp\utils.py
@@ -11,7 +11,7 @@
 
 def pegar_conta(contas, client_id):
     conta = contas.get(client_id)
-    if conta is None:
+    if conta is not None:
         raise Exception("Conta inexistente")
     return conta
 </pre></div><div class="alert alert-secondary"><pre class="diff">============================= test session starts =============================
platform win32 -- Python 3.9.13, pytest-7.2.2, pluggy-1.0.0
rootdir: C:\Users\lmkaw\OneDrive\Documentos\GitHub\misc-notebooks\09_mutmut_presentation
plugins: cov-4.0.0
collected 5 items

tests\test_operacoes_financeiras.py FFF                                  [ 60%]
tests\test_utils.py F.                                                   [100%]

================================== FAILURES ===================================
__________________________ TestContas.test_depositar __________________________

self = &lt;test_operacoes_financeiras.TestContas testMethod=test_depositar&gt;

    def test_depositar(self):
&gt;       depositar(self.contas, "client_id_123", 100)

tests\test_operacoes_financeiras.py:18: 
_ _ _ _ _ _ _ _ _ _ _ _ _ _ _ _ _ _ _ _ _ _ _ _ _ _ _ _ _ _ _ _ _ _ _ _ _ _ _ _
app\operacoes_financeiras.py:15: in depositar
    conta = pegar_conta(contas, client_id)
_ _ _ _ _ _ _ _ _ _ _ _ _ _ _ _ _ _ _ _ _ _ _ _ _ _ _ _ _ _ _ _ _ _ _ _ _ _ _ _

contas = {'client_id_123': {'historico': [], 'saldo': 1000}, 'client_id_abc': {'historico': [], 'saldo': 500}}
client_id = 'client_id_123'

    def pegar_conta(contas, client_id):
        conta = contas.get(client_id)
        if conta is not None:
&gt;           raise Exception("Conta inexistente")
E           Exception: Conta inexistente

app\utils.py:15: Exception
____________________________ TestContas.test_sacar ____________________________

self = &lt;test_operacoes_financeiras.TestContas testMethod=test_sacar&gt;

    def test_sacar(self):
        with self.assertRaises(Exception):
            sacar(self.contas, "client_id_123", 1100)
&gt;       sacar(self.contas, "client_id_123", 100)

tests\test_operacoes_financeiras.py:27: 
_ _ _ _ _ _ _ _ _ _ _ _ _ _ _ _ _ _ _ _ _ _ _ _ _ _ _ _ _ _ _ _ _ _ _ _ _ _ _ _
app\operacoes_financeiras.py:23: in sacar
    conta = pegar_conta(contas, client_id)
_ _ _ _ _ _ _ _ _ _ _ _ _ _ _ _ _ _ _ _ _ _ _ _ _ _ _ _ _ _ _ _ _ _ _ _ _ _ _ _

contas = {'client_id_123': {'historico': [], 'saldo': 1000}, 'client_id_abc': {'historico': [], 'saldo': 500}}
client_id = 'client_id_123'

    def pegar_conta(contas, client_id):
        conta = contas.get(client_id)
        if conta is not None:
&gt;           raise Exception("Conta inexistente")
E           Exception: Conta inexistente

app\utils.py:15: Exception
_________________________ TestContas.test_transferir __________________________

self = &lt;test_operacoes_financeiras.TestContas testMethod=test_transferir&gt;

    def test_transferir(self):
        with self.assertRaises(Exception):
            transferir(self.contas, "client_id_123", "client_id_abc", 1100)
&gt;       transferir(self.contas, "client_id_123", "client_id_abc", 100)

tests\test_operacoes_financeiras.py:36: 
_ _ _ _ _ _ _ _ _ _ _ _ _ _ _ _ _ _ _ _ _ _ _ _ _ _ _ _ _ _ _ _ _ _ _ _ _ _ _ _
app\operacoes_financeiras.py:33: in transferir
    conta_origem = pegar_conta(contas, client_id_origem)
_ _ _ _ _ _ _ _ _ _ _ _ _ _ _ _ _ _ _ _ _ _ _ _ _ _ _ _ _ _ _ _ _ _ _ _ _ _ _ _

contas = {'client_id_123': {'historico': [], 'saldo': 1000}, 'client_id_abc': {'historico': [], 'saldo': 500}}
client_id = 'client_id_123'

    def pegar_conta(contas, client_id):
        conta = contas.get(client_id)
        if conta is not None:
&gt;           raise Exception("Conta inexistente")
E           Exception: Conta inexistente

app\utils.py:15: Exception
_________________________ TestContas.test_pegar_conta _________________________

self = &lt;test_utils.TestContas testMethod=test_pegar_conta&gt;

    def test_pegar_conta(self):
&gt;       self.assertEqual(pegar_conta(self.contas, "client_id_123"), self.contas["client_id_123"])

tests\test_utils.py:18: 
_ _ _ _ _ _ _ _ _ _ _ _ _ _ _ _ _ _ _ _ _ _ _ _ _ _ _ _ _ _ _ _ _ _ _ _ _ _ _ _

contas = {'client_id_123': {'historico': [], 'saldo': 1000}, 'client_id_abc': {'historico': [], 'saldo': 500}}
client_id = 'client_id_123'

    def pegar_conta(contas, client_id):
        conta = contas.get(client_id)
        if conta is not None:
&gt;           raise Exception("Conta inexistente")
E           Exception: Conta inexistente

app\utils.py:15: Exception
=========================== short test summary info ===========================
FAILED tests/test_operacoes_financeiras.py::TestContas::test_depositar - Exce...
FAILED tests/test_operacoes_financeiras.py::TestContas::test_sacar - Exceptio...
FAILED tests/test_operacoes_financeiras.py::TestContas::test_transferir - Exc...
FAILED tests/test_utils.py::TestContas::test_pegar_conta - Exception: Conta i...
========================= 4 failed, 1 passed in 0.14s =========================
</pre></div></div></div></div></div><div class="mb-1" id="job_list___sub_accordion_18"><div class="card"><a data-toggle="collapse" data-target="#job_list___sub_collapse_18_1" aria-expanded="false" aria-controls="job_list___sub_collapse_18_1" href="#" class="job_list___sub_multi_heading"><div role="alert" class="card-header alert-success" id="job_list___sub_heading_18_1"><button class="btn btn-outline-success"><span class="job_id">18 : Job ID e55ae697690247de8e0b812697924dce</span></button></div></a><div aria-labelledby="job_list___sub_heading_18_1" data-parent="#job_list___sub_accordion_18" class="collapse job_list___sub_multi_collapse" id="job_list___sub_collapse_18_1"><div class="card-body"><div class="work-item"><div class="alert alert-success test-outcome" role="alert"><p>worker outcome: normal</p><p>test outcome: killed</p></div></div><pre class="location"><a href="pycharm://open?file=app\utils.py&amp;line=14" class="text-secondary"><button class="btn btn-outline-dark">app\utils.py, start pos: (14, 7), end pos: (14, 20)</button></a></pre><pre>operator: core/AddNot, occurrence: 0</pre><div class="alert alert-secondary"><pre class="diff">--- mutation diff ---
--- aapp\utils.py
+++ bapp\utils.py
@@ -11,7 +11,7 @@
 
 def pegar_conta(contas, client_id):
     conta = contas.get(client_id)
-    if conta is None:
+    if not conta is None:
         raise Exception("Conta inexistente")
     return conta
 </pre></div><div class="alert alert-secondary"><pre class="diff">============================= test session starts =============================
platform win32 -- Python 3.9.13, pytest-7.2.2, pluggy-1.0.0
rootdir: C:\Users\lmkaw\OneDrive\Documentos\GitHub\misc-notebooks\09_mutmut_presentation
plugins: cov-4.0.0
collected 5 items

tests\test_operacoes_financeiras.py FFF                                  [ 60%]
tests\test_utils.py F.                                                   [100%]

================================== FAILURES ===================================
__________________________ TestContas.test_depositar __________________________

self = &lt;test_operacoes_financeiras.TestContas testMethod=test_depositar&gt;

    def test_depositar(self):
&gt;       depositar(self.contas, "client_id_123", 100)

tests\test_operacoes_financeiras.py:18: 
_ _ _ _ _ _ _ _ _ _ _ _ _ _ _ _ _ _ _ _ _ _ _ _ _ _ _ _ _ _ _ _ _ _ _ _ _ _ _ _
app\operacoes_financeiras.py:15: in depositar
    conta = pegar_conta(contas, client_id)
_ _ _ _ _ _ _ _ _ _ _ _ _ _ _ _ _ _ _ _ _ _ _ _ _ _ _ _ _ _ _ _ _ _ _ _ _ _ _ _

contas = {'client_id_123': {'historico': [], 'saldo': 1000}, 'client_id_abc': {'historico': [], 'saldo': 500}}
client_id = 'client_id_123'

    def pegar_conta(contas, client_id):
        conta = contas.get(client_id)
        if not conta is None:
&gt;           raise Exception("Conta inexistente")
E           Exception: Conta inexistente

app\utils.py:15: Exception
____________________________ TestContas.test_sacar ____________________________

self = &lt;test_operacoes_financeiras.TestContas testMethod=test_sacar&gt;

    def test_sacar(self):
        with self.assertRaises(Exception):
            sacar(self.contas, "client_id_123", 1100)
&gt;       sacar(self.contas, "client_id_123", 100)

tests\test_operacoes_financeiras.py:27: 
_ _ _ _ _ _ _ _ _ _ _ _ _ _ _ _ _ _ _ _ _ _ _ _ _ _ _ _ _ _ _ _ _ _ _ _ _ _ _ _
app\operacoes_financeiras.py:23: in sacar
    conta = pegar_conta(contas, client_id)
_ _ _ _ _ _ _ _ _ _ _ _ _ _ _ _ _ _ _ _ _ _ _ _ _ _ _ _ _ _ _ _ _ _ _ _ _ _ _ _

contas = {'client_id_123': {'historico': [], 'saldo': 1000}, 'client_id_abc': {'historico': [], 'saldo': 500}}
client_id = 'client_id_123'

    def pegar_conta(contas, client_id):
        conta = contas.get(client_id)
        if not conta is None:
&gt;           raise Exception("Conta inexistente")
E           Exception: Conta inexistente

app\utils.py:15: Exception
_________________________ TestContas.test_transferir __________________________

self = &lt;test_operacoes_financeiras.TestContas testMethod=test_transferir&gt;

    def test_transferir(self):
        with self.assertRaises(Exception):
            transferir(self.contas, "client_id_123", "client_id_abc", 1100)
&gt;       transferir(self.contas, "client_id_123", "client_id_abc", 100)

tests\test_operacoes_financeiras.py:36: 
_ _ _ _ _ _ _ _ _ _ _ _ _ _ _ _ _ _ _ _ _ _ _ _ _ _ _ _ _ _ _ _ _ _ _ _ _ _ _ _
app\operacoes_financeiras.py:33: in transferir
    conta_origem = pegar_conta(contas, client_id_origem)
_ _ _ _ _ _ _ _ _ _ _ _ _ _ _ _ _ _ _ _ _ _ _ _ _ _ _ _ _ _ _ _ _ _ _ _ _ _ _ _

contas = {'client_id_123': {'historico': [], 'saldo': 1000}, 'client_id_abc': {'historico': [], 'saldo': 500}}
client_id = 'client_id_123'

    def pegar_conta(contas, client_id):
        conta = contas.get(client_id)
        if not conta is None:
&gt;           raise Exception("Conta inexistente")
E           Exception: Conta inexistente

app\utils.py:15: Exception
_________________________ TestContas.test_pegar_conta _________________________

self = &lt;test_utils.TestContas testMethod=test_pegar_conta&gt;

    def test_pegar_conta(self):
&gt;       self.assertEqual(pegar_conta(self.contas, "client_id_123"), self.contas["client_id_123"])

tests\test_utils.py:18: 
_ _ _ _ _ _ _ _ _ _ _ _ _ _ _ _ _ _ _ _ _ _ _ _ _ _ _ _ _ _ _ _ _ _ _ _ _ _ _ _

contas = {'client_id_123': {'historico': [], 'saldo': 1000}, 'client_id_abc': {'historico': [], 'saldo': 500}}
client_id = 'client_id_123'

    def pegar_conta(contas, client_id):
        conta = contas.get(client_id)
        if not conta is None:
&gt;           raise Exception("Conta inexistente")
E           Exception: Conta inexistente

app\utils.py:15: Exception
=========================== short test summary info ===========================
FAILED tests/test_operacoes_financeiras.py::TestContas::test_depositar - Exce...
FAILED tests/test_operacoes_financeiras.py::TestContas::test_sacar - Exceptio...
FAILED tests/test_operacoes_financeiras.py::TestContas::test_transferir - Exc...
FAILED tests/test_utils.py::TestContas::test_pegar_conta - Exception: Conta i...
========================= 4 failed, 1 passed in 0.13s =========================
</pre></div></div></div></div></div><div class="mb-1" id="job_list___sub_accordion_19"><div class="card"><a data-toggle="collapse" data-target="#job_list___sub_collapse_19_1" aria-expanded="false" aria-controls="job_list___sub_collapse_19_1" href="#" class="job_list___sub_multi_heading"><div role="alert" class="card-header alert-danger" id="job_list___sub_heading_19_1"><button class="btn btn-outline-danger"><span class="job_id">19 : Job ID 1a46c62d53bf443e8cd8bba05fa1a00b</span></button></div></a><div aria-labelledby="job_list___sub_heading_19_1" data-parent="#job_list___sub_accordion_19" class="collapse job_list___sub_multi_collapse" id="job_list___sub_collapse_19_1"><div class="card-body"><div class="work-item"><div class="alert alert-danger test-outcome" role="alert"><p>SURVIVED</p><p>worker outcome: normal</p><p>test outcome: survived</p></div></div><pre class="location"><a href="pycharm://open?file=app\foo.py&amp;line=4" class="text-secondary"><button class="btn btn-outline-dark">app\foo.py, start pos: (4, 13), end pos: (4, 14)</button></a></pre><pre>operator: core/ReplaceBinaryOperator_Add_Sub, occurrence: 0</pre><div class="alert alert-secondary"><pre class="diff">--- mutation diff ---
--- aapp\foo.py
+++ bapp\foo.py
@@ -1,4 +1,4 @@
 def foo():
     x = 1
     y = 2
-    return x + y
+    return x - y</pre></div><div class="alert alert-secondary"><pre class="diff">============================= test session starts =============================
platform win32 -- Python 3.9.13, pytest-7.2.2, pluggy-1.0.0
rootdir: C:\Users\lmkaw\OneDrive\Documentos\GitHub\misc-notebooks\09_mutmut_presentation
plugins: cov-4.0.0
collected 5 items

tests\test_operacoes_financeiras.py ...                                  [ 60%]
tests\test_utils.py ..                                                   [100%]

============================== 5 passed in 0.04s ==============================
</pre></div></div></div></div></div><div class="mb-1" id="job_list___sub_accordion_20"><div class="card"><a data-toggle="collapse" data-target="#job_list___sub_collapse_20_1" aria-expanded="false" aria-controls="job_list___sub_collapse_20_1" href="#" class="job_list___sub_multi_heading"><div role="alert" class="card-header alert-danger" id="job_list___sub_heading_20_1"><button class="btn btn-outline-danger"><span class="job_id">20 : Job ID 93557734a9394280bb4c4bd473d23f2d</span></button></div></a><div aria-labelledby="job_list___sub_heading_20_1" data-parent="#job_list___sub_accordion_20" class="collapse job_list___sub_multi_collapse" id="job_list___sub_collapse_20_1"><div class="card-body"><div class="work-item"><div class="alert alert-danger test-outcome" role="alert"><p>SURVIVED</p><p>worker outcome: normal</p><p>test outcome: survived</p></div></div><pre class="location"><a href="pycharm://open?file=app\foo.py&amp;line=4" class="text-secondary"><button class="btn btn-outline-dark">app\foo.py, start pos: (4, 13), end pos: (4, 14)</button></a></pre><pre>operator: core/ReplaceBinaryOperator_Add_Mul, occurrence: 0</pre><div class="alert alert-secondary"><pre class="diff">--- mutation diff ---
--- aapp\foo.py
+++ bapp\foo.py
@@ -1,4 +1,4 @@
 def foo():
     x = 1
     y = 2
-    return x + y
+    return x * y</pre></div><div class="alert alert-secondary"><pre class="diff">============================= test session starts =============================
platform win32 -- Python 3.9.13, pytest-7.2.2, pluggy-1.0.0
rootdir: C:\Users\lmkaw\OneDrive\Documentos\GitHub\misc-notebooks\09_mutmut_presentation
plugins: cov-4.0.0
collected 5 items

tests\test_operacoes_financeiras.py ...                                  [ 60%]
tests\test_utils.py ..                                                   [100%]

============================== 5 passed in 0.04s ==============================
</pre></div></div></div></div></div><div class="mb-1" id="job_list___sub_accordion_21"><div class="card"><a data-toggle="collapse" data-target="#job_list___sub_collapse_21_1" aria-expanded="false" aria-controls="job_list___sub_collapse_21_1" href="#" class="job_list___sub_multi_heading"><div role="alert" class="card-header alert-danger" id="job_list___sub_heading_21_1"><button class="btn btn-outline-danger"><span class="job_id">21 : Job ID 4ee508c198dd4cffb11168b18cf696cb</span></button></div></a><div aria-labelledby="job_list___sub_heading_21_1" data-parent="#job_list___sub_accordion_21" class="collapse job_list___sub_multi_collapse" id="job_list___sub_collapse_21_1"><div class="card-body"><div class="work-item"><div class="alert alert-danger test-outcome" role="alert"><p>SURVIVED</p><p>worker outcome: normal</p><p>test outcome: survived</p></div></div><pre class="location"><a href="pycharm://open?file=app\foo.py&amp;line=4" class="text-secondary"><button class="btn btn-outline-dark">app\foo.py, start pos: (4, 13), end pos: (4, 14)</button></a></pre><pre>operator: core/ReplaceBinaryOperator_Add_Div, occurrence: 0</pre><div class="alert alert-secondary"><pre class="diff">--- mutation diff ---
--- aapp\foo.py
+++ bapp\foo.py
@@ -1,4 +1,4 @@
 def foo():
     x = 1
     y = 2
-    return x + y
+    return x / y</pre></div><div class="alert alert-secondary"><pre class="diff">============================= test session starts =============================
platform win32 -- Python 3.9.13, pytest-7.2.2, pluggy-1.0.0
rootdir: C:\Users\lmkaw\OneDrive\Documentos\GitHub\misc-notebooks\09_mutmut_presentation
plugins: cov-4.0.0
collected 5 items

tests\test_operacoes_financeiras.py ...                                  [ 60%]
tests\test_utils.py ..                                                   [100%]

============================== 5 passed in 0.04s ==============================
</pre></div></div></div></div></div><div class="mb-1" id="job_list___sub_accordion_22"><div class="card"><a data-toggle="collapse" data-target="#job_list___sub_collapse_22_1" aria-expanded="false" aria-controls="job_list___sub_collapse_22_1" href="#" class="job_list___sub_multi_heading"><div role="alert" class="card-header alert-danger" id="job_list___sub_heading_22_1"><button class="btn btn-outline-danger"><span class="job_id">22 : Job ID 9aa801c12e9a45a6809b4e6c3caaf0ab</span></button></div></a><div aria-labelledby="job_list___sub_heading_22_1" data-parent="#job_list___sub_accordion_22" class="collapse job_list___sub_multi_collapse" id="job_list___sub_collapse_22_1"><div class="card-body"><div class="work-item"><div class="alert alert-danger test-outcome" role="alert"><p>SURVIVED</p><p>worker outcome: normal</p><p>test outcome: survived</p></div></div><pre class="location"><a href="pycharm://open?file=app\foo.py&amp;line=4" class="text-secondary"><button class="btn btn-outline-dark">app\foo.py, start pos: (4, 13), end pos: (4, 14)</button></a></pre><pre>operator: core/ReplaceBinaryOperator_Add_FloorDiv, occurrence: 0</pre><div class="alert alert-secondary"><pre class="diff">--- mutation diff ---
--- aapp\foo.py
+++ bapp\foo.py
@@ -1,4 +1,4 @@
 def foo():
     x = 1
     y = 2
-    return x + y
+    return x // y</pre></div><div class="alert alert-secondary"><pre class="diff">============================= test session starts =============================
platform win32 -- Python 3.9.13, pytest-7.2.2, pluggy-1.0.0
rootdir: C:\Users\lmkaw\OneDrive\Documentos\GitHub\misc-notebooks\09_mutmut_presentation
plugins: cov-4.0.0
collected 5 items

tests\test_operacoes_financeiras.py ...                                  [ 60%]
tests\test_utils.py ..                                                   [100%]

============================== 5 passed in 0.04s ==============================
</pre></div></div></div></div></div><div class="mb-1" id="job_list___sub_accordion_23"><div class="card"><a data-toggle="collapse" data-target="#job_list___sub_collapse_23_1" aria-expanded="false" aria-controls="job_list___sub_collapse_23_1" href="#" class="job_list___sub_multi_heading"><div role="alert" class="card-header alert-danger" id="job_list___sub_heading_23_1"><button class="btn btn-outline-danger"><span class="job_id">23 : Job ID c86f49a739f042e3b43e126d5ab19b3a</span></button></div></a><div aria-labelledby="job_list___sub_heading_23_1" data-parent="#job_list___sub_accordion_23" class="collapse job_list___sub_multi_collapse" id="job_list___sub_collapse_23_1"><div class="card-body"><div class="work-item"><div class="alert alert-danger test-outcome" role="alert"><p>SURVIVED</p><p>worker outcome: normal</p><p>test outcome: survived</p></div></div><pre class="location"><a href="pycharm://open?file=app\foo.py&amp;line=4" class="text-secondary"><button class="btn btn-outline-dark">app\foo.py, start pos: (4, 13), end pos: (4, 14)</button></a></pre><pre>operator: core/ReplaceBinaryOperator_Add_Mod, occurrence: 0</pre><div class="alert alert-secondary"><pre class="diff">--- mutation diff ---
--- aapp\foo.py
+++ bapp\foo.py
@@ -1,4 +1,4 @@
 def foo():
     x = 1
     y = 2
-    return x + y
+    return x % y</pre></div><div class="alert alert-secondary"><pre class="diff">============================= test session starts =============================
platform win32 -- Python 3.9.13, pytest-7.2.2, pluggy-1.0.0
rootdir: C:\Users\lmkaw\OneDrive\Documentos\GitHub\misc-notebooks\09_mutmut_presentation
plugins: cov-4.0.0
collected 5 items

tests\test_operacoes_financeiras.py ...                                  [ 60%]
tests\test_utils.py ..                                                   [100%]

============================== 5 passed in 0.04s ==============================
</pre></div></div></div></div></div><div class="mb-1" id="job_list___sub_accordion_24"><div class="card"><a data-toggle="collapse" data-target="#job_list___sub_collapse_24_1" aria-expanded="false" aria-controls="job_list___sub_collapse_24_1" href="#" class="job_list___sub_multi_heading"><div role="alert" class="card-header alert-danger" id="job_list___sub_heading_24_1"><button class="btn btn-outline-danger"><span class="job_id">24 : Job ID 34ccc44cac6a4df49e98bb5588690072</span></button></div></a><div aria-labelledby="job_list___sub_heading_24_1" data-parent="#job_list___sub_accordion_24" class="collapse job_list___sub_multi_collapse" id="job_list___sub_collapse_24_1"><div class="card-body"><div class="work-item"><div class="alert alert-danger test-outcome" role="alert"><p>SURVIVED</p><p>worker outcome: normal</p><p>test outcome: survived</p></div></div><pre class="location"><a href="pycharm://open?file=app\foo.py&amp;line=4" class="text-secondary"><button class="btn btn-outline-dark">app\foo.py, start pos: (4, 13), end pos: (4, 14)</button></a></pre><pre>operator: core/ReplaceBinaryOperator_Add_Pow, occurrence: 0</pre><div class="alert alert-secondary"><pre class="diff">--- mutation diff ---
--- aapp\foo.py
+++ bapp\foo.py
@@ -1,4 +1,4 @@
 def foo():
     x = 1
     y = 2
-    return x + y
+    return x ** y</pre></div><div class="alert alert-secondary"><pre class="diff">============================= test session starts =============================
platform win32 -- Python 3.9.13, pytest-7.2.2, pluggy-1.0.0
rootdir: C:\Users\lmkaw\OneDrive\Documentos\GitHub\misc-notebooks\09_mutmut_presentation
plugins: cov-4.0.0
collected 5 items

tests\test_operacoes_financeiras.py ...                                  [ 60%]
tests\test_utils.py ..                                                   [100%]

============================== 5 passed in 0.04s ==============================
</pre></div></div></div></div></div><div class="mb-1" id="job_list___sub_accordion_25"><div class="card"><a data-toggle="collapse" data-target="#job_list___sub_collapse_25_1" aria-expanded="false" aria-controls="job_list___sub_collapse_25_1" href="#" class="job_list___sub_multi_heading"><div role="alert" class="card-header alert-danger" id="job_list___sub_heading_25_1"><button class="btn btn-outline-danger"><span class="job_id">25 : Job ID 4d2dfe8f91ac42cbbfeef61b93d6406d</span></button></div></a><div aria-labelledby="job_list___sub_heading_25_1" data-parent="#job_list___sub_accordion_25" class="collapse job_list___sub_multi_collapse" id="job_list___sub_collapse_25_1"><div class="card-body"><div class="work-item"><div class="alert alert-danger test-outcome" role="alert"><p>SURVIVED</p><p>worker outcome: normal</p><p>test outcome: survived</p></div></div><pre class="location"><a href="pycharm://open?file=app\foo.py&amp;line=4" class="text-secondary"><button class="btn btn-outline-dark">app\foo.py, start pos: (4, 13), end pos: (4, 14)</button></a></pre><pre>operator: core/ReplaceBinaryOperator_Add_RShift, occurrence: 0</pre><div class="alert alert-secondary"><pre class="diff">--- mutation diff ---
--- aapp\foo.py
+++ bapp\foo.py
@@ -1,4 +1,4 @@
 def foo():
     x = 1
     y = 2
-    return x + y
+    return x &gt;&gt; y</pre></div><div class="alert alert-secondary"><pre class="diff">============================= test session starts =============================
platform win32 -- Python 3.9.13, pytest-7.2.2, pluggy-1.0.0
rootdir: C:\Users\lmkaw\OneDrive\Documentos\GitHub\misc-notebooks\09_mutmut_presentation
plugins: cov-4.0.0
collected 5 items

tests\test_operacoes_financeiras.py ...                                  [ 60%]
tests\test_utils.py ..                                                   [100%]

============================== 5 passed in 0.04s ==============================
</pre></div></div></div></div></div><div class="mb-1" id="job_list___sub_accordion_26"><div class="card"><a data-toggle="collapse" data-target="#job_list___sub_collapse_26_1" aria-expanded="false" aria-controls="job_list___sub_collapse_26_1" href="#" class="job_list___sub_multi_heading"><div role="alert" class="card-header alert-danger" id="job_list___sub_heading_26_1"><button class="btn btn-outline-danger"><span class="job_id">26 : Job ID a2fd768e220941fea5fb6c41a5e68594</span></button></div></a><div aria-labelledby="job_list___sub_heading_26_1" data-parent="#job_list___sub_accordion_26" class="collapse job_list___sub_multi_collapse" id="job_list___sub_collapse_26_1"><div class="card-body"><div class="work-item"><div class="alert alert-danger test-outcome" role="alert"><p>SURVIVED</p><p>worker outcome: normal</p><p>test outcome: survived</p></div></div><pre class="location"><a href="pycharm://open?file=app\foo.py&amp;line=4" class="text-secondary"><button class="btn btn-outline-dark">app\foo.py, start pos: (4, 13), end pos: (4, 14)</button></a></pre><pre>operator: core/ReplaceBinaryOperator_Add_LShift, occurrence: 0</pre><div class="alert alert-secondary"><pre class="diff">--- mutation diff ---
--- aapp\foo.py
+++ bapp\foo.py
@@ -1,4 +1,4 @@
 def foo():
     x = 1
     y = 2
-    return x + y
+    return x &lt;&lt; y</pre></div><div class="alert alert-secondary"><pre class="diff">============================= test session starts =============================
platform win32 -- Python 3.9.13, pytest-7.2.2, pluggy-1.0.0
rootdir: C:\Users\lmkaw\OneDrive\Documentos\GitHub\misc-notebooks\09_mutmut_presentation
plugins: cov-4.0.0
collected 5 items

tests\test_operacoes_financeiras.py ...                                  [ 60%]
tests\test_utils.py ..                                                   [100%]

============================== 5 passed in 0.05s ==============================
</pre></div></div></div></div></div><div class="mb-1" id="job_list___sub_accordion_27"><div class="card"><a data-toggle="collapse" data-target="#job_list___sub_collapse_27_1" aria-expanded="false" aria-controls="job_list___sub_collapse_27_1" href="#" class="job_list___sub_multi_heading"><div role="alert" class="card-header alert-danger" id="job_list___sub_heading_27_1"><button class="btn btn-outline-danger"><span class="job_id">27 : Job ID 5aa0e16a290f4fa6a23325590950d646</span></button></div></a><div aria-labelledby="job_list___sub_heading_27_1" data-parent="#job_list___sub_accordion_27" class="collapse job_list___sub_multi_collapse" id="job_list___sub_collapse_27_1"><div class="card-body"><div class="work-item"><div class="alert alert-danger test-outcome" role="alert"><p>SURVIVED</p><p>worker outcome: normal</p><p>test outcome: survived</p></div></div><pre class="location"><a href="pycharm://open?file=app\foo.py&amp;line=4" class="text-secondary"><button class="btn btn-outline-dark">app\foo.py, start pos: (4, 13), end pos: (4, 14)</button></a></pre><pre>operator: core/ReplaceBinaryOperator_Add_BitOr, occurrence: 0</pre><div class="alert alert-secondary"><pre class="diff">--- mutation diff ---
--- aapp\foo.py
+++ bapp\foo.py
@@ -1,4 +1,4 @@
 def foo():
     x = 1
     y = 2
-    return x + y
+    return x | y</pre></div><div class="alert alert-secondary"><pre class="diff">============================= test session starts =============================
platform win32 -- Python 3.9.13, pytest-7.2.2, pluggy-1.0.0
rootdir: C:\Users\lmkaw\OneDrive\Documentos\GitHub\misc-notebooks\09_mutmut_presentation
plugins: cov-4.0.0
collected 5 items

tests\test_operacoes_financeiras.py ...                                  [ 60%]
tests\test_utils.py ..                                                   [100%]

============================== 5 passed in 0.04s ==============================
</pre></div></div></div></div></div><div class="mb-1" id="job_list___sub_accordion_28"><div class="card"><a data-toggle="collapse" data-target="#job_list___sub_collapse_28_1" aria-expanded="false" aria-controls="job_list___sub_collapse_28_1" href="#" class="job_list___sub_multi_heading"><div role="alert" class="card-header alert-danger" id="job_list___sub_heading_28_1"><button class="btn btn-outline-danger"><span class="job_id">28 : Job ID b9ebcca25c1242258f86a0a0a29dee44</span></button></div></a><div aria-labelledby="job_list___sub_heading_28_1" data-parent="#job_list___sub_accordion_28" class="collapse job_list___sub_multi_collapse" id="job_list___sub_collapse_28_1"><div class="card-body"><div class="work-item"><div class="alert alert-danger test-outcome" role="alert"><p>SURVIVED</p><p>worker outcome: normal</p><p>test outcome: survived</p></div></div><pre class="location"><a href="pycharm://open?file=app\foo.py&amp;line=4" class="text-secondary"><button class="btn btn-outline-dark">app\foo.py, start pos: (4, 13), end pos: (4, 14)</button></a></pre><pre>operator: core/ReplaceBinaryOperator_Add_BitAnd, occurrence: 0</pre><div class="alert alert-secondary"><pre class="diff">--- mutation diff ---
--- aapp\foo.py
+++ bapp\foo.py
@@ -1,4 +1,4 @@
 def foo():
     x = 1
     y = 2
-    return x + y
+    return x &amp; y</pre></div><div class="alert alert-secondary"><pre class="diff">============================= test session starts =============================
platform win32 -- Python 3.9.13, pytest-7.2.2, pluggy-1.0.0
rootdir: C:\Users\lmkaw\OneDrive\Documentos\GitHub\misc-notebooks\09_mutmut_presentation
plugins: cov-4.0.0
collected 5 items

tests\test_operacoes_financeiras.py ...                                  [ 60%]
tests\test_utils.py ..                                                   [100%]

============================== 5 passed in 0.04s ==============================
</pre></div></div></div></div></div><div class="mb-1" id="job_list___sub_accordion_29"><div class="card"><a data-toggle="collapse" data-target="#job_list___sub_collapse_29_1" aria-expanded="false" aria-controls="job_list___sub_collapse_29_1" href="#" class="job_list___sub_multi_heading"><div role="alert" class="card-header alert-danger" id="job_list___sub_heading_29_1"><button class="btn btn-outline-danger"><span class="job_id">29 : Job ID e66c8d2adde545088aa2cdbf18c01641</span></button></div></a><div aria-labelledby="job_list___sub_heading_29_1" data-parent="#job_list___sub_accordion_29" class="collapse job_list___sub_multi_collapse" id="job_list___sub_collapse_29_1"><div class="card-body"><div class="work-item"><div class="alert alert-danger test-outcome" role="alert"><p>SURVIVED</p><p>worker outcome: normal</p><p>test outcome: survived</p></div></div><pre class="location"><a href="pycharm://open?file=app\foo.py&amp;line=4" class="text-secondary"><button class="btn btn-outline-dark">app\foo.py, start pos: (4, 13), end pos: (4, 14)</button></a></pre><pre>operator: core/ReplaceBinaryOperator_Add_BitXor, occurrence: 0</pre><div class="alert alert-secondary"><pre class="diff">--- mutation diff ---
--- aapp\foo.py
+++ bapp\foo.py
@@ -1,4 +1,4 @@
 def foo():
     x = 1
     y = 2
-    return x + y
+    return x ^ y</pre></div><div class="alert alert-secondary"><pre class="diff">============================= test session starts =============================
platform win32 -- Python 3.9.13, pytest-7.2.2, pluggy-1.0.0
rootdir: C:\Users\lmkaw\OneDrive\Documentos\GitHub\misc-notebooks\09_mutmut_presentation
plugins: cov-4.0.0
collected 5 items

tests\test_operacoes_financeiras.py ...                                  [ 60%]
tests\test_utils.py ..                                                   [100%]

============================== 5 passed in 0.04s ==============================
</pre></div></div></div></div></div><div class="mb-1" id="job_list___sub_accordion_30"><div class="card"><a data-toggle="collapse" data-target="#job_list___sub_collapse_30_1" aria-expanded="false" aria-controls="job_list___sub_collapse_30_1" href="#" class="job_list___sub_multi_heading"><div role="alert" class="card-header alert-danger" id="job_list___sub_heading_30_1"><button class="btn btn-outline-danger"><span class="job_id">30 : Job ID 8f6d90a037d04b3288c624696fad86bf</span></button></div></a><div aria-labelledby="job_list___sub_heading_30_1" data-parent="#job_list___sub_accordion_30" class="collapse job_list___sub_multi_collapse" id="job_list___sub_collapse_30_1"><div class="card-body"><div class="work-item"><div class="alert alert-danger test-outcome" role="alert"><p>SURVIVED</p><p>worker outcome: normal</p><p>test outcome: survived</p></div></div><pre class="location"><a href="pycharm://open?file=app\foo.py&amp;line=2" class="text-secondary"><button class="btn btn-outline-dark">app\foo.py, start pos: (2, 8), end pos: (2, 9)</button></a></pre><pre>operator: core/NumberReplacer, occurrence: 0</pre><div class="alert alert-secondary"><pre class="diff">--- mutation diff ---
--- aapp\foo.py
+++ bapp\foo.py
@@ -1,4 +1,4 @@
 def foo():
-    x = 1
+    x = 2
     y = 2
     return x + y</pre></div><div class="alert alert-secondary"><pre class="diff">============================= test session starts =============================
platform win32 -- Python 3.9.13, pytest-7.2.2, pluggy-1.0.0
rootdir: C:\Users\lmkaw\OneDrive\Documentos\GitHub\misc-notebooks\09_mutmut_presentation
plugins: cov-4.0.0
collected 5 items

tests\test_operacoes_financeiras.py ...                                  [ 60%]
tests\test_utils.py ..                                                   [100%]

============================== 5 passed in 0.04s ==============================
</pre></div></div></div></div></div><div class="mb-1" id="job_list___sub_accordion_31"><div class="card"><a data-toggle="collapse" data-target="#job_list___sub_collapse_31_1" aria-expanded="false" aria-controls="job_list___sub_collapse_31_1" href="#" class="job_list___sub_multi_heading"><div role="alert" class="card-header alert-danger" id="job_list___sub_heading_31_1"><button class="btn btn-outline-danger"><span class="job_id">31 : Job ID 149ddf4c854246cdbc4a2345d35e7a7a</span></button></div></a><div aria-labelledby="job_list___sub_heading_31_1" data-parent="#job_list___sub_accordion_31" class="collapse job_list___sub_multi_collapse" id="job_list___sub_collapse_31_1"><div class="card-body"><div class="work-item"><div class="alert alert-danger test-outcome" role="alert"><p>SURVIVED</p><p>worker outcome: normal</p><p>test outcome: survived</p></div></div><pre class="location"><a href="pycharm://open?file=app\foo.py&amp;line=2" class="text-secondary"><button class="btn btn-outline-dark">app\foo.py, start pos: (2, 8), end pos: (2, 9)</button></a></pre><pre>operator: core/NumberReplacer, occurrence: 1</pre><div class="alert alert-secondary"><pre class="diff">--- mutation diff ---
--- aapp\foo.py
+++ bapp\foo.py
@@ -1,4 +1,4 @@
 def foo():
-    x = 1
+    x = 0
     y = 2
     return x + y</pre></div><div class="alert alert-secondary"><pre class="diff">============================= test session starts =============================
platform win32 -- Python 3.9.13, pytest-7.2.2, pluggy-1.0.0
rootdir: C:\Users\lmkaw\OneDrive\Documentos\GitHub\misc-notebooks\09_mutmut_presentation
plugins: cov-4.0.0
collected 5 items

tests\test_operacoes_financeiras.py ...                                  [ 60%]
tests\test_utils.py ..                                                   [100%]

============================== 5 passed in 0.04s ==============================
</pre></div></div></div></div></div><div class="mb-1" id="job_list___sub_accordion_32"><div class="card"><a data-toggle="collapse" data-target="#job_list___sub_collapse_32_1" aria-expanded="false" aria-controls="job_list___sub_collapse_32_1" href="#" class="job_list___sub_multi_heading"><div role="alert" class="card-header alert-danger" id="job_list___sub_heading_32_1"><button class="btn btn-outline-danger"><span class="job_id">32 : Job ID 071c1f406a584305a2bb3c4652a25aee</span></button></div></a><div aria-labelledby="job_list___sub_heading_32_1" data-parent="#job_list___sub_accordion_32" class="collapse job_list___sub_multi_collapse" id="job_list___sub_collapse_32_1"><div class="card-body"><div class="work-item"><div class="alert alert-danger test-outcome" role="alert"><p>SURVIVED</p><p>worker outcome: normal</p><p>test outcome: survived</p></div></div><pre class="location"><a href="pycharm://open?file=app\foo.py&amp;line=3" class="text-secondary"><button class="btn btn-outline-dark">app\foo.py, start pos: (3, 8), end pos: (3, 9)</button></a></pre><pre>operator: core/NumberReplacer, occurrence: 2</pre><div class="alert alert-secondary"><pre class="diff">--- mutation diff ---
--- aapp\foo.py
+++ bapp\foo.py
@@ -1,4 +1,4 @@
 def foo():
     x = 1
-    y = 2
+    y = 3
     return x + y</pre></div><div class="alert alert-secondary"><pre class="diff">============================= test session starts =============================
platform win32 -- Python 3.9.13, pytest-7.2.2, pluggy-1.0.0
rootdir: C:\Users\lmkaw\OneDrive\Documentos\GitHub\misc-notebooks\09_mutmut_presentation
plugins: cov-4.0.0
collected 5 items

tests\test_operacoes_financeiras.py ...                                  [ 60%]
tests\test_utils.py ..                                                   [100%]

============================== 5 passed in 0.05s ==============================
</pre></div></div></div></div></div><div class="mb-1" id="job_list___sub_accordion_33"><div class="card"><a data-toggle="collapse" data-target="#job_list___sub_collapse_33_1" aria-expanded="false" aria-controls="job_list___sub_collapse_33_1" href="#" class="job_list___sub_multi_heading"><div role="alert" class="card-header alert-danger" id="job_list___sub_heading_33_1"><button class="btn btn-outline-danger"><span class="job_id">33 : Job ID 739479c983684f109c6b490c6cf8df1d</span></button></div></a><div aria-labelledby="job_list___sub_heading_33_1" data-parent="#job_list___sub_accordion_33" class="collapse job_list___sub_multi_collapse" id="job_list___sub_collapse_33_1"><div class="card-body"><div class="work-item"><div class="alert alert-danger test-outcome" role="alert"><p>SURVIVED</p><p>worker outcome: normal</p><p>test outcome: survived</p></div></div><pre class="location"><a href="pycharm://open?file=app\foo.py&amp;line=3" class="text-secondary"><button class="btn btn-outline-dark">app\foo.py, start pos: (3, 8), end pos: (3, 9)</button></a></pre><pre>operator: core/NumberReplacer, occurrence: 3</pre><div class="alert alert-secondary"><pre class="diff">--- mutation diff ---
--- aapp\foo.py
+++ bapp\foo.py
@@ -1,4 +1,4 @@
 def foo():
     x = 1
-    y = 2
+    y = 1
     return x + y</pre></div><div class="alert alert-secondary"><pre class="diff">============================= test session starts =============================
platform win32 -- Python 3.9.13, pytest-7.2.2, pluggy-1.0.0
rootdir: C:\Users\lmkaw\OneDrive\Documentos\GitHub\misc-notebooks\09_mutmut_presentation
plugins: cov-4.0.0
collected 5 items

tests\test_operacoes_financeiras.py ...                                  [ 60%]
tests\test_utils.py ..                                                   [100%]

============================== 5 passed in 0.04s ==============================
</pre></div></div></div></div></div></div></div></div></div></div><script src="https://code.jquery.com/jquery-3.3.1.slim.min.js" integrity="sha384-q8i/X+965DzO0rT7abK41JStQIAqVgRVzpbzo5smXKp4YfRvH+8abtTE1Pi6jizo" crossorigin="anonymous"></script><script src="https://cdnjs.cloudflare.com/ajax/libs/popper.js/1.14.7/umd/popper.min.js" integrity="sha384-UO2eT0CpHqdSJQ6hJty5KVphtPhzWj9WO1clHTMGa3JDZwrnQq4sF86dIHNDz0W1" crossorigin="anonymous"></script><script src="https://stackpath.bootstrapcdn.com/bootstrap/4.3.1/js/bootstrap.min.js" integrity="sha384-JjSmVgyd0p3pXB1rRibZUAYoIIy6OrQ6VrjIEaFf/nJGzIxFDsf4x0xIM+B07jRM" crossorigin="anonymous"></script><script type="text/javascript">$('div.job_list___sub_multi_collapse').on('shown.bs.collapse',  function () {    correct_behavior_functional_buttons();  });$('div.job_list___sub_multi_collapse').on('hidden.bs.collapse',  function () {    correct_behavior_functional_buttons();  });function correct_behavior_functional_buttons() {    var expand = false;    var collapse = false;    $('a.job_list___sub_multi_heading').each(function(index) {      if ($(this).attr('aria-expanded') == 'false') {        expand = true;        return false;      };    });    $('a.job_list___sub_multi_heading').each(function(index) {      if ($(this).attr('aria-expanded') == 'true') {        collapse = true;        return false;      };    });    if (expand) {      $('div#job_item_expand_all').css('display', 'inline-block');    } else {      $('div#job_item_expand_all').css('display', 'none');    };    if (collapse) {      $('div#job_item_collapse_all').css('display', 'inline-block');    } else {      $('div#job_item_collapse_all').css('display', 'none');    };  };correct_behavior_functional_buttons();</script></body></html>
